<?xml version="1.0" encoding="UTF-8"?>
<testng-results skipped="0" failed="0" total="1" passed="1">
  <reporter-output>
  </reporter-output>
  <suite name="Default suite" duration-ms="63" started-at="2019-07-15T09:50:41Z" finished-at="2019-07-15T09:50:41Z">
    <groups>
    </groups>
    <test name="Default test" duration-ms="63" started-at="2019-07-15T09:50:41Z" finished-at="2019-07-15T09:50:41Z">
      <class name="MAVENPROJECTS.TestAutomation.Test1">
        <test-method status="PASS" signature="test1()[pri:0, instance:MAVENPROJECTS.TestAutomation.Test1@629f0666]" name="test1" duration-ms="29" started-at="2019-07-15T15:20:41Z" finished-at="2019-07-15T15:20:41Z">
          <reporter-output>
          </reporter-output>
        </test-method> <!-- test1 -->
      </class> <!-- MAVENPROJECTS.TestAutomation.Test1 -->
    </test> <!-- Default test -->
  </suite> <!-- Default suite -->
</testng-results>
